<?xml version="1.0" encoding="UTF-8"?>
<!-- Generated by org.testng.reporters.JUnitReportReporter -->
<testsuite skipped="0" hostname="SaNj" name="com.runner.TestCase" tests="10" failures="0" timestamp="2022-06-02T11:07:43 IST" time="47.491" errors="0">
  <testcase name="page1" time="5.491" classname="com.runner.TestCase"/>
  <system-out/>
  <testcase name="page2" time="0.752" classname="com.runner.TestCase"/>
  <system-out/>
  <testcase name="page3" time="5.164" classname="com.runner.TestCase"/>
  <system-out/>
  <testcase name="page4" time="4.553" classname="com.runner.TestCase"/>
  <system-out/>
  <testcase name="page5" time="4.277" classname="com.runner.TestCase"/>
  <system-out/>
  <testcase name="page6" time="3.665" classname="com.runner.TestCase"/>
  <system-out/>
  <testcase name="page7" time="4.541" classname="com.runner.TestCase"/>
  <system-out/>
  <testcase name="page8" time="5.585" classname="com.runner.TestCase"/>
  <system-out/>
  <testcase name="page9" time="7.607" classname="com.runner.TestCase"/>
  <system-out/>
  <testcase name="page10" time="5.856" classname="com.runner.TestCase"/>
  <system-out/>
</testsuite> <!-- com.runner.TestCase -->
